Found Model HydraHarp 400 Part no 930020 Version 2.0
Device has 4 input channels.
Histogram length  : 65536
Binning           : 5
Offset            : 0
SyncDivider       : 1
SyncCFDZeroCross  : 10
SyncCFDLevel      : 610
InputCFDZeroCross : 10
InputCFDLevel     : 610
Resolution        : 32
Offset ch1        : 330
Offset ch4        : 359
SyncRate=40 MHz
ChRate[1]=0/s
ChRate[2]=0/s
ChRate[3]=195880/s
ChRate[4]=223600/s

WARNING_SYNC_RATE_TOO_HIGH: 
The pulse rate at the sync input is too high. 
If your sync source is periodic you can try 
setting a larger sync divider. 



AcquisitionTime   : 10000
Measuring for 10000 milliseconds...
  Integralcount[0]=0
  Integralcount[1]=0
  Integralcount[2]=964860
  Integralcount[3]=1124879

Histogram length  : 65536
Binning           : 5
Offset            : 1000
SyncDivider       : 1
SyncCFDZeroCross  : 10
SyncCFDLevel      : 610
InputCFDZeroCross : 10
InputCFDLevel     : 610
Resolution        : 32
Offset ch1        : 330
Offset ch4        : 359
Histogram length  : 65536
Binning           : 5
Offset            : 5000
SyncDivider       : 1
SyncCFDZeroCross  : 10
SyncCFDLevel      : 610
InputCFDZeroCross : 10
InputCFDLevel     : 610
Resolution        : 32
Offset ch1        : 330
Offset ch4        : 359
SyncRate=92.84 kHz
ChRate[1]=0/s
ChRate[2]=0/s
ChRate[3]=0/s
ChRate[4]=191680/s

WARNING_SYNC_RATE_TOO_HIGH: 
The pulse rate at the sync input is too high. 
If your sync source is periodic you can try 
setting a larger sync divider. 


WARNING_INPT_RATE_ZERO: 
There is no signal at any of the input channels.  


WARNING_INPT_RATE_RATIO: 
The pulse rate ratio R(ch)/R(sync) is over 5% 
for at least one input channel. 
This may cause pile-up and deadtime artefacts.  


WARNING_TIME_SPAN_TOO_SMALL: 
The sync period is longer than the measurable time 
span at the current resolution. Events falling outside 
this span will not be recorded.  



Histogram length  : 65536
Binning           : 5
Offset            : 2000
SyncDivider       : 1
SyncCFDZeroCross  : 10
SyncCFDLevel      : 610
InputCFDZeroCross : 10
InputCFDLevel     : 610
Resolution        : 32
Offset ch1        : 330
Offset ch4        : 359
SyncRate=92.04 kHz
ChRate[1]=0/s
ChRate[2]=0/s
ChRate[3]=0/s
ChRate[4]=188960/s

WARNING_INPT_RATE_RATIO: 
The pulse rate ratio R(ch)/R(sync) is over 5% 
for at least one input channel. 
This may cause pile-up and deadtime artefacts.  


WARNING_TIME_SPAN_TOO_SMALL: 
The sync period is longer than the measurable time 
span at the current resolution. Events falling outside 
this span will not be recorded.  



