Found Model HydraHarp 400 Part no 930020 Version 2.0
Device has 4 input channels.
Histogram length  : 65536
Binning           : 0
Offset            : 0
SyncDivider       : 1
SyncCFDZeroCross  : 10
SyncCFDLevel      : 610
InputCFDZeroCross : 10
InputCFDLevel     : 610
Resolution        : 1
SyncRate=40 MHz
ChRate[1]=0/s
ChRate[2]=0/s
ChRate[3]=185400/s
ChRate[4]=197720/s

WARNING_SYNC_RATE_TOO_HIGH: 
The pulse rate at the sync input is too high. 
If your sync source is periodic you can try 
setting a larger sync divider. 



Histogram length  : 65536
Binning           : 2
Offset            : 0
SyncDivider       : 1
SyncCFDZeroCross  : 10
SyncCFDLevel      : 610
InputCFDZeroCross : 10
InputCFDLevel     : 610
Resolution        : 4
SyncRate=40 MHz
ChRate[1]=0/s
ChRate[2]=0/s
ChRate[3]=185360/s
ChRate[4]=198560/s

WARNING_SYNC_RATE_TOO_HIGH: 
The pulse rate at the sync input is too high. 
If your sync source is periodic you can try 
setting a larger sync divider. 



Histogram length  : 65536
Binning           : 1
Offset            : 0
SyncDivider       : 1
SyncCFDZeroCross  : 10
SyncCFDLevel      : 610
InputCFDZeroCross : 10
InputCFDLevel     : 610
Resolution        : 2
SyncRate=40 MHz
ChRate[1]=0/s
ChRate[2]=0/s
ChRate[3]=189000/s
ChRate[4]=199960/s

WARNING_SYNC_RATE_TOO_HIGH: 
The pulse rate at the sync input is too high. 
If your sync source is periodic you can try 
setting a larger sync divider. 



Histogram length  : 65536
Binning           : 2
Offset            : 0
SyncDivider       : 1
SyncCFDZeroCross  : 10
SyncCFDLevel      : 610
InputCFDZeroCross : 10
InputCFDLevel     : 610
Resolution        : 4
SyncRate=40 MHz
ChRate[1]=0/s
ChRate[2]=0/s
ChRate[3]=189800/s
ChRate[4]=202760/s

WARNING_SYNC_RATE_TOO_HIGH: 
The pulse rate at the sync input is too high. 
If your sync source is periodic you can try 
setting a larger sync divider. 



